<?xml version="1.0" encoding="UTF-8"?>
<testng-results skipped="0" failed="0" ignored="0" total="1" passed="1">
  <reporter-output>
  </reporter-output>
  <suite name="Default suite" duration-ms="16000" started-at="2020-02-19T23:22:58 CST" finished-at="2020-02-19T23:23:14 CST">
    <groups>
    </groups>
    <test name="Default test" duration-ms="16000" started-at="2020-02-19T23:22:58 CST" finished-at="2020-02-19T23:23:14 CST">
      <class name="test.LoginTest">
        <test-method status="PASS" signature="userShouldBeAbleToLogIn()[pri:0, instance:test.LoginTest@61f8bee4]" name="userShouldBeAbleToLogIn" duration-ms="15914" started-at="2020-02-19T23:22:58 CST" finished-at="2020-02-19T23:23:14 CST">
          <reporter-output>
          </reporter-output>
        </test-method> <!-- userShouldBeAbleToLogIn -->
      </class> <!-- test.LoginTest -->
    </test> <!-- Default test -->
  </suite> <!-- Default suite -->
</testng-results>
