<?xml version="1.0" encoding="UTF-8"?>
<testng-results skipped="0" failed="0" ignored="0" total="1" passed="1">
  <reporter-output>
  </reporter-output>
  <suite name="test.LoginTest" duration-ms="13290" started-at="2020-02-18T16:48:37Z" finished-at="2020-02-18T16:48:50Z">
    <groups>
    </groups>
    <test name="Command line test" duration-ms="13290" started-at="2020-02-18T16:48:37Z" finished-at="2020-02-18T16:48:50Z">
      <class name="test.LoginTest">
        <test-method status="PASS" signature="userShouldBeAbleToLogIn()[pri:0, instance:test.LoginTest@e580929]" name="userShouldBeAbleToLogIn" duration-ms="13247" started-at="2020-02-18T10:48:37Z" finished-at="2020-02-18T10:48:50Z">
          <reporter-output>
          </reporter-output>
        </test-method> <!-- userShouldBeAbleToLogIn -->
      </class> <!-- test.LoginTest -->
    </test> <!-- Command line test -->
  </suite> <!-- test.LoginTest -->
</testng-results>
